  auxiliar.c
  buffer.c
  except.c
  inet.c
  io.c
  luasocket.c
  mime.c
  options.c
  select.c
  tcp.c
C:\Projects\clean\PrimeEngine\DL\PEWorkspace\Code\luasocket_dist\src\auxiliar.c(59,5): warning C4996: 'sprintf': This function or variable may be unsafe. Consider using sprintf_s instead. To disable deprecation, use _CRT_SECURE_NO_WARNINGS. See online help for details.
C:\Projects\clean\PrimeEngine\DL\PEWorkspace\Code\luasocket_dist\src\auxiliar.c(96,9): warning C4996: 'sprintf': This function or variable may be unsafe. Consider using sprintf_s instead. To disable deprecation, use _CRT_SECURE_NO_WARNINGS. See online help for details.
C:\Projects\clean\PrimeEngine\DL\PEWorkspace\Code\luasocket_dist\src\auxiliar.c(110,9): warning C4996: 'sprintf': This function or variable may be unsafe. Consider using sprintf_s instead. To disable deprecation, use _CRT_SECURE_NO_WARNINGS. See online help for details.
  timeout.c
  udp.c
  wsocket.c
C:\Projects\clean\PrimeEngine\DL\PEWorkspace\Code\luasocket_dist\src\inet.c(334,6): warning C4996: 'sscanf': This function or variable may be unsafe. Consider using sscanf_s instead. To disable deprecation, use _CRT_SECURE_NO_WARNINGS. See online help for details.
C:\Projects\clean\PrimeEngine\DL\PEWorkspace\Code\luasocket_dist\src\options.c(37,9): warning C4996: 'sprintf': This function or variable may be unsafe. Consider using sprintf_s instead. To disable deprecation, use _CRT_SECURE_NO_WARNINGS. See online help for details.
C:\Projects\clean\PrimeEngine\DL\PEWorkspace\Code\luasocket_dist\src\wsocket.c(364,19): warning C4477: 'fprintf' : format string '%s' requires an argument of type 'char *', but variadic argument 1 has type 'WCHAR *'
C:\Projects\clean\PrimeEngine\DL\PEWorkspace\Code\luasocket_dist\src\wsocket.c(364,19): message : consider using '%ls' in the format string
C:\Projects\clean\PrimeEngine\DL\PEWorkspace\Code\luasocket_dist\src\wsocket.c(364,19): message : consider using '%lls' in the format string
C:\Projects\clean\PrimeEngine\DL\PEWorkspace\Code\luasocket_dist\src\wsocket.c(364,19): message : consider using '%Ls' in the format string
C:\Projects\clean\PrimeEngine\DL\PEWorkspace\Code\luasocket_dist\src\wsocket.c(364,19): message : consider using '%ws' in the format string
  luasocket_dist-win32d3d9.vcxproj -> C:\Projects\clean\PrimeEngine\DL\PEWorkspace\build\luasocket_dist-win32d3d9.lib
