c:\projects\clean\primeengine\dl\peworkspace\build-intermediate\x32\debug\charactercontrol-win32d3d9\clientspaceshipcontrols.obj
c:\projects\clean\primeengine\dl\peworkspace\build-intermediate\x32\debug\charactercontrol-win32d3d9\servergameobjectmanageraddon.obj
c:\projects\clean\primeengine\dl\peworkspace\build-intermediate\x32\debug\charactercontrol-win32d3d9\clientspaceship.obj
c:\projects\clean\primeengine\dl\peworkspace\build-intermediate\x32\debug\charactercontrol-win32d3d9\clienttank.obj
c:\projects\clean\primeengine\dl\peworkspace\build-intermediate\x32\debug\charactercontrol-win32d3d9\soldiernpcmovementsm.obj
c:\projects\clean\primeengine\dl\peworkspace\build-intermediate\x32\debug\charactercontrol-win32d3d9\globalregistry.obj
c:\projects\clean\primeengine\dl\peworkspace\build-intermediate\x32\debug\charactercontrol-win32d3d9\soldiernpcanimationsm.obj
c:\projects\clean\primeengine\dl\peworkspace\build-intermediate\x32\debug\charactercontrol-win32d3d9\events.obj
c:\projects\clean\primeengine\dl\peworkspace\build-intermediate\x32\debug\charactercontrol-win32d3d9\clientcharactercontrolgame.obj
c:\projects\clean\primeengine\dl\peworkspace\build-intermediate\x32\debug\charactercontrol-win32d3d9\waypoint.obj
c:\projects\clean\primeengine\dl\peworkspace\build-intermediate\x32\debug\charactercontrol-win32d3d9\soldiernpc.obj
c:\projects\clean\primeengine\dl\peworkspace\build-intermediate\x32\debug\charactercontrol-win32d3d9\gameobjectmanageraddon.obj
c:\projects\clean\primeengine\dl\peworkspace\build-intermediate\x32\debug\charactercontrol-win32d3d9\soldiernpcbehaviorsm.obj
c:\projects\clean\primeengine\dl\peworkspace\build-intermediate\x32\debug\charactercontrol-win32d3d9\servercharactercontrolgame.obj
c:\projects\clean\primeengine\dl\peworkspace\build-intermediate\x32\debug\charactercontrol-win32d3d9\clientgameobjectmanageraddon.obj
c:\projects\clean\primeengine\dl\peworkspace\build-intermediate\x32\debug\charactercontrol-win32d3d9\main.obj
c:\projects\clean\primeengine\dl\peworkspace\build-intermediate\x32\debug\charactercontrol-win32d3d9\vc143.pdb
c:\projects\clean\primeengine\dl\peworkspace\build-intermediate\x32\debug\charactercontrol-win32d3d9\vc143.idb
c:\projects\clean\primeengine\dl\peworkspace\build\charactercontrol-win32d3d9.exe
c:\projects\clean\primeengine\dl\peworkspace\build\charactercontrol-win32d3d9.pdb
c:\projects\clean\primeengine\dl\peworkspace\build-intermediate\x32\debug\charactercontrol-win32d3d9\test.obj
c:\projects\clean\primeengine\dl\peworkspace\build-intermediate\x32\debug\charactercontrol-win32d3d9\testfunc_c_stdcall.obj
c:\projects\clean\primeengine\dl\peworkspace\build-intermediate\x32\debug\charactercontrol-win32d3d9\characte.07f16919.tlog\cl.command.1.tlog
c:\projects\clean\primeengine\dl\peworkspace\build-intermediate\x32\debug\charactercontrol-win32d3d9\characte.07f16919.tlog\cl.read.1.tlog
c:\projects\clean\primeengine\dl\peworkspace\build-intermediate\x32\debug\charactercontrol-win32d3d9\characte.07f16919.tlog\cl.write.1.tlog
c:\projects\clean\primeengine\dl\peworkspace\build-intermediate\x32\debug\charactercontrol-win32d3d9\characte.07f16919.tlog\link.command.1.tlog
c:\projects\clean\primeengine\dl\peworkspace\build-intermediate\x32\debug\charactercontrol-win32d3d9\characte.07f16919.tlog\link.read.1.tlog
c:\projects\clean\primeengine\dl\peworkspace\build-intermediate\x32\debug\charactercontrol-win32d3d9\characte.07f16919.tlog\link.write.1.tlog
c:\projects\clean\primeengine\dl\peworkspace\build-intermediate\x32\debug\charactercontrol-win32d3d9\characte.07f16919.tlog\masm.read.1u.tlog
c:\projects\clean\primeengine\dl\peworkspace\build-intermediate\x32\debug\charactercontrol-win32d3d9\characte.07f16919.tlog\masm.write.1u.tlog
