c:\projects\clean\primeengine\dl\peworkspace\build-intermediate\x32\debug\lua_dist-win32d3d9\lcode.obj
c:\projects\clean\primeengine\dl\peworkspace\build-intermediate\x32\debug\lua_dist-win32d3d9\liolib.obj
c:\projects\clean\primeengine\dl\peworkspace\build-intermediate\x32\debug\lua_dist-win32d3d9\lstrlib.obj
c:\projects\clean\primeengine\dl\peworkspace\build-intermediate\x32\debug\lua_dist-win32d3d9\lauxlib.obj
c:\projects\clean\primeengine\dl\peworkspace\build-intermediate\x32\debug\lua_dist-win32d3d9\lfunc.obj
c:\projects\clean\primeengine\dl\peworkspace\build-intermediate\x32\debug\lua_dist-win32d3d9\linit.obj
c:\projects\clean\primeengine\dl\peworkspace\build-intermediate\x32\debug\lua_dist-win32d3d9\loslib.obj
c:\projects\clean\primeengine\dl\peworkspace\build-intermediate\x32\debug\lua_dist-win32d3d9\ltm.obj
c:\projects\clean\primeengine\dl\peworkspace\build-intermediate\x32\debug\lua_dist-win32d3d9\ldo.obj
c:\projects\clean\primeengine\dl\peworkspace\build-intermediate\x32\debug\lua_dist-win32d3d9\lobject.obj
c:\projects\clean\primeengine\dl\peworkspace\build-intermediate\x32\debug\lua_dist-win32d3d9\ltablib.obj
c:\projects\clean\primeengine\dl\peworkspace\build-intermediate\x32\debug\lua_dist-win32d3d9\ldblib.obj
c:\projects\clean\primeengine\dl\peworkspace\build-intermediate\x32\debug\lua_dist-win32d3d9\lmathlib.obj
c:\projects\clean\primeengine\dl\peworkspace\build-intermediate\x32\debug\lua_dist-win32d3d9\ltable.obj
c:\projects\clean\primeengine\dl\peworkspace\build-intermediate\x32\debug\lua_dist-win32d3d9\lzio.obj
c:\projects\clean\primeengine\dl\peworkspace\build-intermediate\x32\debug\lua_dist-win32d3d9\lapi.obj
c:\projects\clean\primeengine\dl\peworkspace\build-intermediate\x32\debug\lua_dist-win32d3d9\loadlib.obj
c:\projects\clean\primeengine\dl\peworkspace\build-intermediate\x32\debug\lua_dist-win32d3d9\ldump.obj
c:\projects\clean\primeengine\dl\peworkspace\build-intermediate\x32\debug\lua_dist-win32d3d9\lgc.obj
c:\projects\clean\primeengine\dl\peworkspace\build-intermediate\x32\debug\lua_dist-win32d3d9\lopcodes.obj
c:\projects\clean\primeengine\dl\peworkspace\build-intermediate\x32\debug\lua_dist-win32d3d9\lstring.obj
c:\projects\clean\primeengine\dl\peworkspace\build-intermediate\x32\debug\lua_dist-win32d3d9\print.obj
c:\projects\clean\primeengine\dl\peworkspace\build-intermediate\x32\debug\lua_dist-win32d3d9\lbaselib.obj
c:\projects\clean\primeengine\dl\peworkspace\build-intermediate\x32\debug\lua_dist-win32d3d9\llex.obj
c:\projects\clean\primeengine\dl\peworkspace\build-intermediate\x32\debug\lua_dist-win32d3d9\lparser.obj
c:\projects\clean\primeengine\dl\peworkspace\build-intermediate\x32\debug\lua_dist-win32d3d9\lvm.obj
c:\projects\clean\primeengine\dl\peworkspace\build-intermediate\x32\debug\lua_dist-win32d3d9\ldebug.obj
c:\projects\clean\primeengine\dl\peworkspace\build-intermediate\x32\debug\lua_dist-win32d3d9\lmem.obj
c:\projects\clean\primeengine\dl\peworkspace\build-intermediate\x32\debug\lua_dist-win32d3d9\lstate.obj
c:\projects\clean\primeengine\dl\peworkspace\build-intermediate\x32\debug\lua_dist-win32d3d9\lundump.obj
c:\projects\clean\primeengine\dl\peworkspace\build\lua_dist-win32d3d9.pdb
c:\projects\clean\primeengine\dl\peworkspace\build\lua_dist-win32d3d9.lib
c:\projects\clean\primeengine\dl\peworkspace\build-intermediate\x32\debug\lua_dist-win32d3d9\lua_dist.0ea98f94.tlog\cl.15280.write.1.tlog
c:\projects\clean\primeengine\dl\peworkspace\build-intermediate\x32\debug\lua_dist-win32d3d9\lua_dist.0ea98f94.tlog\cl.command.1.tlog
c:\projects\clean\primeengine\dl\peworkspace\build-intermediate\x32\debug\lua_dist-win32d3d9\lua_dist.0ea98f94.tlog\cl.read.1.tlog
c:\projects\clean\primeengine\dl\peworkspace\build-intermediate\x32\debug\lua_dist-win32d3d9\lua_dist.0ea98f94.tlog\lib-link.read.1.tlog
c:\projects\clean\primeengine\dl\peworkspace\build-intermediate\x32\debug\lua_dist-win32d3d9\lua_dist.0ea98f94.tlog\lib-link.write.1.tlog
c:\projects\clean\primeengine\dl\peworkspace\build-intermediate\x32\debug\lua_dist-win32d3d9\lua_dist.0ea98f94.tlog\lib.command.1.tlog
