c:\projects\clean\primeengine\dl\peworkspace\build\primeengine-win32d3d9.pdb
c:\projects\clean\primeengine\dl\peworkspace\build\primeengine-win32d3d9.idb
c:\projects\clean\primeengine\dl\peworkspace\build-intermediate\x32\debug\primeengine-win32d3d9\nums_spe.obj
c:\projects\clean\primeengine\dl\peworkspace\build-intermediate\x32\debug\primeengine-win32d3d9\d3d9_indexbuffergpu.obj
c:\projects\clean\primeengine\dl\peworkspace\build-intermediate\x32\debug\primeengine-win32d3d9\effect_gl.obj
c:\projects\clean\primeengine\dl\peworkspace\build-intermediate\x32\debug\primeengine-win32d3d9\resourcebuffergpu.obj
c:\projects\clean\primeengine\dl\peworkspace\build-intermediate\x32\debug\primeengine-win32d3d9\vertexbuffergpu.obj
c:\projects\clean\primeengine\dl\peworkspace\build-intermediate\x32\debug\primeengine-win32d3d9\texture_dds_loader_d3d.obj
c:\projects\clean\primeengine\dl\peworkspace\build-intermediate\x32\debug\primeengine-win32d3d9\standardevents.obj
c:\projects\clean\primeengine\dl\peworkspace\build-intermediate\x32\debug\primeengine-win32d3d9\defaultgamecontrols.obj
c:\projects\clean\primeengine\dl\peworkspace\build-intermediate\x32\debug\primeengine-win32d3d9\materialcpu.obj
c:\projects\clean\primeengine\dl\peworkspace\build-intermediate\x32\debug\primeengine-win32d3d9\fireparticlesystemcpu.obj
c:\projects\clean\primeengine\dl\peworkspace\build-intermediate\x32\debug\primeengine-win32d3d9\animationsetgpumanager.obj
c:\projects\clean\primeengine\dl\peworkspace\build-intermediate\x32\debug\primeengine-win32d3d9\eventdatacreators.obj
c:\projects\clean\primeengine\dl\peworkspace\build-intermediate\x32\debug\primeengine-win32d3d9\servernetworkmanager.obj
c:\projects\clean\primeengine\dl\peworkspace\build-intermediate\x32\debug\primeengine-win32d3d9\sa_setandbind_constresource_instancedobjectsanimationpalettes.obj
c:\projects\clean\primeengine\dl\peworkspace\build-intermediate\x32\debug\primeengine-win32d3d9\camerascenenode.obj
c:\projects\clean\primeengine\dl\peworkspace\build-intermediate\x32\debug\primeengine-win32d3d9\mesh.obj
c:\projects\clean\primeengine\dl\peworkspace\build-intermediate\x32\debug\primeengine-win32d3d9\skeletoninstance.obj
c:\projects\clean\primeengine\dl\peworkspace\build-intermediate\x32\debug\primeengine-win32d3d9\d3d11_indexbuffergpu.obj
c:\projects\clean\primeengine\dl\peworkspace\build-intermediate\x32\debug\primeengine-win32d3d9\effectmanager.obj
c:\projects\clean\primeengine\dl\peworkspace\build-intermediate\x32\debug\primeengine-win32d3d9\pedepthstencilstate.obj
c:\projects\clean\primeengine\dl\peworkspace\build-intermediate\x32\debug\primeengine-win32d3d9\input.obj
c:\projects\clean\primeengine\dl\peworkspace\build-intermediate\x32\debug\primeengine-win32d3d9\texture.obj
c:\projects\clean\primeengine\dl\peworkspace\build-intermediate\x32\debug\primeengine-win32d3d9\eventqueue.obj
c:\projects\clean\primeengine\dl\peworkspace\build-intermediate\x32\debug\primeengine-win32d3d9\filewriter.obj
c:\projects\clean\primeengine\dl\peworkspace\build-intermediate\x32\debug\primeengine-win32d3d9\colorbuffercpu.obj
c:\projects\clean\primeengine\dl\peworkspace\build-intermediate\x32\debug\primeengine-win32d3d9\normalbuffercpumanager.obj
c:\projects\clean\primeengine\dl\peworkspace\build-intermediate\x32\debug\primeengine-win32d3d9\positionbuffercpu.obj
c:\projects\clean\primeengine\dl\peworkspace\build-intermediate\x32\debug\primeengine-win32d3d9\skinweightscpu.obj
c:\projects\clean\primeengine\dl\peworkspace\build-intermediate\x32\debug\primeengine-win32d3d9\luaenvironment.obj
c:\projects\clean\primeengine\dl\peworkspace\build-intermediate\x32\debug\primeengine-win32d3d9\streammanager.obj
c:\projects\clean\primeengine\dl\peworkspace\build-intermediate\x32\debug\primeengine-win32d3d9\sa_setandbind_constresource_perinstancedata.obj
c:\projects\clean\primeengine\dl\peworkspace\build-intermediate\x32\debug\primeengine-win32d3d9\debugrenderer.obj
c:\projects\clean\primeengine\dl\peworkspace\build-intermediate\x32\debug\primeengine-win32d3d9\meshinstance.obj
c:\projects\clean\primeengine\dl\peworkspace\build-intermediate\x32\debug\primeengine-win32d3d9\textmesh.obj
c:\projects\clean\primeengine\dl\peworkspace\build-intermediate\x32\debug\primeengine-win32d3d9\effect.obj
c:\projects\clean\primeengine\dl\peworkspace\build-intermediate\x32\debug\primeengine-win32d3d9\glslattributes.obj
c:\projects\clean\primeengine\dl\peworkspace\build-intermediate\x32\debug\primeengine-win32d3d9\bufferinfo.obj
c:\projects\clean\primeengine\dl\peworkspace\build-intermediate\x32\debug\primeengine-win32d3d9\ogl_indexbuffergpu.obj
c:\projects\clean\primeengine\dl\peworkspace\build-intermediate\x32\debug\primeengine-win32d3d9\ogl_vertexbuffergpu.obj
c:\projects\clean\primeengine\dl\peworkspace\build-intermediate\x32\debug\primeengine-win32d3d9\gputexturemanager.obj
c:\projects\clean\primeengine\dl\peworkspace\build-intermediate\x32\debug\primeengine-win32d3d9\timer.obj
c:\projects\clean\primeengine\dl\peworkspace\build-intermediate\x32\debug\primeengine-win32d3d9\standardcontrollerevents.obj
c:\projects\clean\primeengine\dl\peworkspace\build-intermediate\x32\debug\primeengine-win32d3d9\servergame.obj
c:\projects\clean\primeengine\dl\peworkspace\build-intermediate\x32\debug\primeengine-win32d3d9\pointlistcpu.obj
c:\projects\clean\primeengine\dl\peworkspace\build-intermediate\x32\debug\primeengine-win32d3d9\smokeparticlesystemcpu.obj
c:\projects\clean\primeengine\dl\peworkspace\build-intermediate\x32\debug\primeengine-win32d3d9\texcoordbuffercpu.obj
c:\projects\clean\primeengine\dl\peworkspace\build-intermediate\x32\debug\primeengine-win32d3d9\mainfunctionargs.obj
c:\projects\clean\primeengine\dl\peworkspace\build-intermediate\x32\debug\primeengine-win32d3d9\connectionmanager.obj
c:\projects\clean\primeengine\dl\peworkspace\build-intermediate\x32\debug\primeengine-win32d3d9\d3d9renderer.obj
c:\projects\clean\primeengine\dl\peworkspace\build-intermediate\x32\debug\primeengine-win32d3d9\setinstancecontrolconstantsshaderaction.obj
c:\projects\clean\primeengine\dl\peworkspace\build-intermediate\x32\debug\primeengine-win32d3d9\setperobjectgroupconstantsshaderaction.obj
c:\projects\clean\primeengine\dl\peworkspace\build-intermediate\x32\debug\primeengine-win32d3d9\instancingscenenode.obj
c:\projects\clean\primeengine\dl\peworkspace\build-intermediate\x32\debug\primeengine-win32d3d9\skeleton.obj
c:\projects\clean\primeengine\dl\peworkspace\build-intermediate\x32\debug\primeengine-win32d3d9\networkable.obj
c:\projects\clean\primeengine\dl\peworkspace\build-intermediate\x32\debug\primeengine-win32d3d9\d3d11_vertexbuffergpu.obj
c:\projects\clean\primeengine\dl\peworkspace\build-intermediate\x32\debug\primeengine-win32d3d9\effect_d3d11.obj
c:\projects\clean\primeengine\dl\peworkspace\build-intermediate\x32\debug\primeengine-win32d3d9\perasterizerstate.obj
c:\projects\clean\primeengine\dl\peworkspace\build-intermediate\x32\debug\primeengine-win32d3d9\vertexbuffergpumanager.obj
c:\projects\clean\primeengine\dl\peworkspace\build-intermediate\x32\debug\primeengine-win32d3d9\texture_drawableintocolortexturewithdepth.obj
c:\projects\clean\primeengine\dl\peworkspace\build-intermediate\x32\debug\primeengine-win32d3d9\component.obj
c:\projects\clean\primeengine\dl\peworkspace\build-intermediate\x32\debug\primeengine-win32d3d9\gamecontext.obj
c:\projects\clean\primeengine\dl\peworkspace\build-intermediate\x32\debug\primeengine-win32d3d9\globalregistry.obj
c:\projects\clean\primeengine\dl\peworkspace\build-intermediate\x32\debug\primeengine-win32d3d9\meshcpu.obj
c:\projects\clean\primeengine\dl\peworkspace\build-intermediate\x32\debug\primeengine-win32d3d9\rainparticlesystemcpu.obj
c:\projects\clean\primeengine\dl\peworkspace\build-intermediate\x32\debug\primeengine-win32d3d9\tangentbufercpu.obj
c:\projects\clean\primeengine\dl\peworkspace\build-intermediate\x32\debug\primeengine-win32d3d9\serverluaenvironment.obj
c:\projects\clean\primeengine\dl\peworkspace\build-intermediate\x32\debug\primeengine-win32d3d9\clientconnectionmanager.obj
c:\projects\clean\primeengine\dl\peworkspace\build-intermediate\x32\debug\primeengine-win32d3d9\profiling.obj
c:\projects\clean\primeengine\dl\peworkspace\build-intermediate\x32\debug\primeengine-win32d3d9\setperobjectconstantsshaderaction.obj
c:\projects\clean\primeengine\dl\peworkspace\build-intermediate\x32\debug\primeengine-win32d3d9\linemesh.obj
c:\projects\clean\primeengine\dl\peworkspace\build-intermediate\x32\debug\primeengine-win32d3d9\skyvolumemesh.obj
c:\projects\clean\primeengine\dl\peworkspace\build-intermediate\x32\debug\primeengine-win32d3d9\pestring.obj
c:\projects\clean\primeengine\dl\peworkspace\build-intermediate\x32\debug\primeengine-win32d3d9\d3d11_resourcebuffergpu.obj
c:\projects\clean\primeengine\dl\peworkspace\build-intermediate\x32\debug\primeengine-win32d3d9\effectmanagereffects.obj
c:\projects\clean\primeengine\dl\peworkspace\build-intermediate\x32\debug\primeengine-win32d3d9\pealphablendstate.obj
c:\projects\clean\primeengine\dl\peworkspace\build-intermediate\x32\debug\primeengine-win32d3d9\gpumaterial.obj
c:\projects\clean\primeengine\dl\peworkspace\build-intermediate\x32\debug\primeengine-win32d3d9\texture_drawableintodepthtexture.obj
c:\projects\clean\primeengine\dl\peworkspace\build-intermediate\x32\debug\primeengine-win32d3d9\eventqueuemanager.obj
c:\projects\clean\primeengine\dl\peworkspace\build-intermediate\x32\debug\primeengine-win32d3d9\clientgame.obj
c:\projects\clean\primeengine\dl\peworkspace\build-intermediate\x32\debug\primeengine-win32d3d9\materialsetcpu.obj
c:\projects\clean\primeengine\dl\peworkspace\build-intermediate\x32\debug\primeengine-win32d3d9\particlebuffercpu.obj
c:\projects\clean\primeengine\dl\peworkspace\build-intermediate\x32\debug\primeengine-win32d3d9\animationcpu.obj
c:\projects\clean\primeengine\dl\peworkspace\build-intermediate\x32\debug\primeengine-win32d3d9\clientluaenvironment.obj
c:\projects\clean\primeengine\dl\peworkspace\build-intermediate\x32\debug\primeengine-win32d3d9\memorypool.obj
c:\projects\clean\primeengine\dl\peworkspace\build-intermediate\x32\debug\primeengine-win32d3d9\networkmanager.obj
c:\projects\clean\primeengine\dl\peworkspace\build-intermediate\x32\debug\primeengine-win32d3d9\sa_bind_resource.obj
c:\projects\clean\primeengine\dl\peworkspace\build-intermediate\x32\debug\primeengine-win32d3d9\setpermaterialconstantsshaderaction.obj
c:\projects\clean\primeengine\dl\peworkspace\build-intermediate\x32\debug\primeengine-win32d3d9\cameramanager.obj
c:\projects\clean\primeengine\dl\peworkspace\build-intermediate\x32\debug\primeengine-win32d3d9\light.obj
c:\projects\clean\primeengine\dl\peworkspace\build-intermediate\x32\debug\primeengine-win32d3d9\scenenode.obj
c:\projects\clean\primeengine\dl\peworkspace\build-intermediate\x32\debug\primeengine-win32d3d9\dir.obj
c:\projects\clean\primeengine\dl\peworkspace\build-intermediate\x32\debug\primeengine-win32d3d9\dx9_xinput.obj
c:\projects\clean\primeengine\dl\peworkspace\build-intermediate\x32\debug\primeengine-win32d3d9\effect_d3d9.obj
c:\projects\clean\primeengine\dl\peworkspace\build-intermediate\x32\debug\primeengine-win32d3d9\animsetbuffergpu.obj
c:\projects\clean\primeengine\dl\peworkspace\build-intermediate\x32\debug\primeengine-win32d3d9\texture_dds_loader_common.obj
c:\projects\clean\primeengine\dl\peworkspace\build-intermediate\x32\debug\primeengine-win32d3d9\event.obj
c:\projects\clean\primeengine\dl\peworkspace\build-intermediate\x32\debug\primeengine-win32d3d9\standardkeyboardevents.obj
c:\projects\clean\primeengine\dl\peworkspace\build-intermediate\x32\debug\primeengine-win32d3d9\gameobjectmanager.obj
c:\projects\clean\primeengine\dl\peworkspace\build-intermediate\x32\debug\primeengine-win32d3d9\normalbuffercpu.obj
c:\projects\clean\primeengine\dl\peworkspace\build-intermediate\x32\debug\primeengine-win32d3d9\particlesystemcpu.obj
c:\projects\clean\primeengine\dl\peworkspace\build-intermediate\x32\debug\primeengine-win32d3d9\skeletoncpu.obj
c:\projects\clean\primeengine\dl\peworkspace\build-intermediate\x32\debug\primeengine-win32d3d9\cameraops.obj
c:\projects\clean\primeengine\dl\peworkspace\build-intermediate\x32\debug\primeengine-win32d3d9\eventmanager.obj
c:\projects\clean\primeengine\dl\peworkspace\build-intermediate\x32\debug\primeengine-win32d3d9\miscshaderactions.obj
c:\projects\clean\primeengine\dl\peworkspace\build-intermediate\x32\debug\primeengine-win32d3d9\setperframeconstantsshaderaction.obj
c:\projects\clean\primeengine\dl\peworkspace\build-intermediate\x32\debug\primeengine-win32d3d9\renderjob.obj
c:\projects\clean\primeengine\dl\peworkspace\build-intermediate\x32\debug\primeengine-win32d3d9\meshmanager.obj
c:\projects\clean\primeengine\dl\peworkspace\build-intermediate\x32\debug\primeengine-win32d3d9\textscenenode.obj
c:\projects\clean\primeengine\dl\peworkspace\build-intermediate\x32\debug\primeengine-win32d3d9\d3d9_vertexbuffergpu.obj
c:\projects\clean\primeengine\dl\peworkspace\build-intermediate\x32\debug\primeengine-win32d3d9\externalpertechniquedata.obj
c:\projects\clean\primeengine\dl\peworkspace\build-intermediate\x32\debug\primeengine-win32d3d9\vertexbuffergpuinputgeodescs.obj
c:\projects\clean\primeengine\dl\peworkspace\build-intermediate\x32\debug\primeengine-win32d3d9\texture_drawableintocolortexturearray.obj
c:\projects\clean\primeengine\dl\peworkspace\build-intermediate\x32\debug\primeengine-win32d3d9\winapplication.obj
c:\projects\clean\primeengine\dl\peworkspace\build-intermediate\x32\debug\primeengine-win32d3d9\filereader.obj
c:\projects\clean\primeengine\dl\peworkspace\build-intermediate\x32\debug\primeengine-win32d3d9\gamethreadjob.obj
c:\projects\clean\primeengine\dl\peworkspace\build-intermediate\x32\debug\primeengine-win32d3d9\explosionparticlesystemcpu.obj
c:\projects\clean\primeengine\dl\peworkspace\build-intermediate\x32\debug\primeengine-win32d3d9\animationsetcpu.obj
c:\projects\clean\primeengine\dl\peworkspace\build-intermediate\x32\debug\primeengine-win32d3d9\texcoordbuffercpumanager.obj
c:\projects\clean\primeengine\dl\peworkspace\build-intermediate\x32\debug\primeengine-win32d3d9\clientnetworkmanager.obj
c:\projects\clean\primeengine\dl\peworkspace\build-intermediate\x32\debug\primeengine-win32d3d9\irenderer.obj
c:\projects\clean\primeengine\dl\peworkspace\build-intermediate\x32\debug\primeengine-win32d3d9\sa_setandbind_constresource_singleobjectanimationpalette.obj
c:\projects\clean\primeengine\dl\peworkspace\build-intermediate\x32\debug\primeengine-win32d3d9\defaultanimationsm.obj
c:\projects\clean\primeengine\dl\peworkspace\build-intermediate\x32\debug\primeengine-win32d3d9\rootscenenode.obj
c:\projects\clean\primeengine\dl\peworkspace\build-intermediate\x32\debug\primeengine-win32d3d9\soundmanager.obj
c:\projects\clean\primeengine\dl\peworkspace\build-intermediate\x32\debug\primeengine-win32d3d9\dx9_keyboardmouse.obj
c:\projects\clean\primeengine\dl\peworkspace\build-intermediate\x32\debug\primeengine-win32d3d9\effect_lua.obj
c:\projects\clean\primeengine\dl\peworkspace\build-intermediate\x32\debug\primeengine-win32d3d9\indexbuffergpu.obj
c:\projects\clean\primeengine\dl\peworkspace\build-intermediate\x32\debug\primeengine-win32d3d9\samplerstate.obj
c:\projects\clean\primeengine\dl\peworkspace\build-intermediate\x32\debug\primeengine-win32d3d9\texture_drawableintocolortexture.obj
c:\projects\clean\primeengine\dl\peworkspace\build-intermediate\x32\debug\primeengine-win32d3d9\wintimer.obj
c:\projects\clean\primeengine\dl\peworkspace\build-intermediate\x32\debug\primeengine-win32d3d9\standardgameevents.obj
c:\projects\clean\primeengine\dl\peworkspace\build-intermediate\x32\debug\primeengine-win32d3d9\camera.obj
c:\projects\clean\primeengine\dl\peworkspace\build-intermediate\x32\debug\primeengine-win32d3d9\indexbuffercpu.obj
c:\projects\clean\primeengine\dl\peworkspace\build-intermediate\x32\debug\primeengine-win32d3d9\bladefireparticlesystemcpu.obj
c:\projects\clean\primeengine\dl\peworkspace\build-intermediate\x32\debug\primeengine-win32d3d9\positionbuffercpumanager.obj
c:\projects\clean\primeengine\dl\peworkspace\build-intermediate\x32\debug\primeengine-win32d3d9\log.obj
c:\projects\clean\primeengine\dl\peworkspace\build-intermediate\x32\debug\primeengine-win32d3d9\memorymanager.obj
c:\projects\clean\primeengine\dl\peworkspace\build-intermediate\x32\debug\primeengine-win32d3d9\serverconnectionmanager.obj
c:\projects\clean\primeengine\dl\peworkspace\build-intermediate\x32\debug\primeengine-win32d3d9\sa_copyinto_sysmem_frominstancedobjectsanimationcsreduceresult.obj
c:\projects\clean\primeengine\dl\peworkspace\build-intermediate\x32\debug\primeengine-win32d3d9\shaderaction.obj
c:\projects\clean\primeengine\dl\peworkspace\build-intermediate\x32\debug\primeengine-win32d3d9\drawlist.obj
c:\projects\clean\primeengine\dl\peworkspace\build-intermediate\x32\debug\primeengine-win32d3d9\sh_draw.obj
c:\projects\clean\primeengine\dl\peworkspace\build-intermediate\x32\debug\primeengine-win32d3d9\errorhandling.obj
c:\projects\clean\primeengine\dl\peworkspace\build\primeengine-win32d3d9.lib
c:\projects\clean\primeengine\dl\peworkspace\build-intermediate\x32\debug\primeengine-win32d3d9\primeeng.0c66e244.tlog\cl.command.1.tlog
c:\projects\clean\primeengine\dl\peworkspace\build-intermediate\x32\debug\primeengine-win32d3d9\primeeng.0c66e244.tlog\cl.read.1.tlog
c:\projects\clean\primeengine\dl\peworkspace\build-intermediate\x32\debug\primeengine-win32d3d9\primeeng.0c66e244.tlog\cl.write.1.tlog
c:\projects\clean\primeengine\dl\peworkspace\build-intermediate\x32\debug\primeengine-win32d3d9\primeeng.0c66e244.tlog\lib-link.read.1.tlog
c:\projects\clean\primeengine\dl\peworkspace\build-intermediate\x32\debug\primeengine-win32d3d9\primeeng.0c66e244.tlog\lib-link.write.1.tlog
c:\projects\clean\primeengine\dl\peworkspace\build-intermediate\x32\debug\primeengine-win32d3d9\primeeng.0c66e244.tlog\lib.command.1.tlog
