c:\projects\clean\primeengine\dl\peworkspace\build-intermediate\x32\debug\luasocket_dist-win32d3d9\options.obj
c:\projects\clean\primeengine\dl\peworkspace\build-intermediate\x32\debug\luasocket_dist-win32d3d9\buffer.obj
c:\projects\clean\primeengine\dl\peworkspace\build-intermediate\x32\debug\luasocket_dist-win32d3d9\tcp.obj
c:\projects\clean\primeengine\dl\peworkspace\build-intermediate\x32\debug\luasocket_dist-win32d3d9\io.obj
c:\projects\clean\primeengine\dl\peworkspace\build-intermediate\x32\debug\luasocket_dist-win32d3d9\timeout.obj
c:\projects\clean\primeengine\dl\peworkspace\build-intermediate\x32\debug\luasocket_dist-win32d3d9\auxiliar.obj
c:\projects\clean\primeengine\dl\peworkspace\build-intermediate\x32\debug\luasocket_dist-win32d3d9\wsocket.obj
c:\projects\clean\primeengine\dl\peworkspace\build-intermediate\x32\debug\luasocket_dist-win32d3d9\mime.obj
c:\projects\clean\primeengine\dl\peworkspace\build-intermediate\x32\debug\luasocket_dist-win32d3d9\udp.obj
c:\projects\clean\primeengine\dl\peworkspace\build-intermediate\x32\debug\luasocket_dist-win32d3d9\inet.obj
c:\projects\clean\primeengine\dl\peworkspace\build-intermediate\x32\debug\luasocket_dist-win32d3d9\luasocket.obj
c:\projects\clean\primeengine\dl\peworkspace\build-intermediate\x32\debug\luasocket_dist-win32d3d9\except.obj
c:\projects\clean\primeengine\dl\peworkspace\build-intermediate\x32\debug\luasocket_dist-win32d3d9\select.obj
c:\projects\clean\primeengine\dl\peworkspace\build\luasocket_dist-win32d3d9.pdb
c:\projects\clean\primeengine\dl\peworkspace\build\luasocket_dist-win32d3d9.lib
c:\projects\clean\primeengine\dl\peworkspace\build-intermediate\x32\debug\luasocket_dist-win32d3d9\luasocke.97c1fded.tlog\cl.15044.write.1.tlog
c:\projects\clean\primeengine\dl\peworkspace\build-intermediate\x32\debug\luasocket_dist-win32d3d9\luasocke.97c1fded.tlog\cl.15300.write.1.tlog
c:\projects\clean\primeengine\dl\peworkspace\build-intermediate\x32\debug\luasocket_dist-win32d3d9\luasocke.97c1fded.tlog\cl.command.1.tlog
c:\projects\clean\primeengine\dl\peworkspace\build-intermediate\x32\debug\luasocket_dist-win32d3d9\luasocke.97c1fded.tlog\cl.read.1.tlog
c:\projects\clean\primeengine\dl\peworkspace\build-intermediate\x32\debug\luasocket_dist-win32d3d9\luasocke.97c1fded.tlog\lib-link.read.1.tlog
c:\projects\clean\primeengine\dl\peworkspace\build-intermediate\x32\debug\luasocket_dist-win32d3d9\luasocke.97c1fded.tlog\lib-link.write.1.tlog
c:\projects\clean\primeengine\dl\peworkspace\build-intermediate\x32\debug\luasocket_dist-win32d3d9\luasocke.97c1fded.tlog\lib.command.1.tlog
